INFO - 2023-10-17 18:40:27 --> Session: Class initialized using 'CodeIgniter\Session\Handlers\FileHandler' driver.
INFO - 2023-10-17 18:54:22 --> Session: Class initialized using 'CodeIgniter\Session\Handlers\FileHandler' driver.
ERROR - 2023-10-17 18:54:30 --> Error connecting to the database: mysqli_sql_exception: No connection could be made because the target machine actively refused it in D:\Xampp\htdocs\Appertment\system\Database\MySQLi\Connection.php:184
Stack trace:
#0 D:\Xampp\htdocs\Appertment\system\Database\MySQLi\Connection.php(184): mysqli->real_connect('localhost', 'root', Object(SensitiveParameterValue), 'db_ci_crud', 3306, '', 0)
#1 D:\Xampp\htdocs\Appertment\system\Database\BaseConnection.php(391): CodeIgniter\Database\MySQLi\Connection->connect(false)
#2 D:\Xampp\htdocs\Appertment\system\Database\BaseConnection.php(574): CodeIgniter\Database\BaseConnection->initialize()
#3 D:\Xampp\htdocs\Appertment\system\Database\BaseBuilder.php(1699): CodeIgniter\Database\BaseConnection->query('SELECT COUNT(*)...', Array, false)
#4 D:\Xampp\htdocs\Appertment\system\Model.php(599): CodeIgniter\Database\BaseBuilder->countAllResults(false)
#5 D:\Xampp\htdocs\Appertment\system\BaseModel.php(1203): CodeIgniter\Model->countAllResults(false)
#6 D:\Xampp\htdocs\Appertment\app\Controllers\UserController.php(16): CodeIgniter\BaseModel->paginate(4, 'group')
#7 D:\Xampp\htdocs\Appertment\system\CodeIgniter.php(919): App\Controllers\UserController->alluser()
#8 D:\Xampp\htdocs\Appertment\system\CodeIgniter.php(494): CodeIgniter\CodeIgniter->runController(Object(App\Controllers\UserController))
#9 D:\Xampp\htdocs\Appertment\system\CodeIgniter.php(353): CodeIgniter\CodeIgniter->handleRequest(NULL, Object(Config\Cache), false)
#10 D:\Xampp\htdocs\Appertment\public\index.php(79): CodeIgniter\CodeIgniter->run()
#11 D:\Xampp\htdocs\Appertment\system\Commands\Server\rewrite.php(47): require_once('D:\\Xampp\\htdocs...')
#12 {main}

Next CodeIgniter\Database\Exceptions\DatabaseException: No connection could be made because the target machine actively refused it in D:\Xampp\htdocs\Appertment\system\Database\MySQLi\Connection.php:229
Stack trace:
#0 D:\Xampp\htdocs\Appertment\system\Database\BaseConnection.php(391): CodeIgniter\Database\MySQLi\Connection->connect(false)
#1 D:\Xampp\htdocs\Appertment\system\Database\BaseConnection.php(574): CodeIgniter\Database\BaseConnection->initialize()
#2 D:\Xampp\htdocs\Appertment\system\Database\BaseBuilder.php(1699): CodeIgniter\Database\BaseConnection->query('SELECT COUNT(*)...', Array, false)
#3 D:\Xampp\htdocs\Appertment\system\Model.php(599): CodeIgniter\Database\BaseBuilder->countAllResults(false)
#4 D:\Xampp\htdocs\Appertment\system\BaseModel.php(1203): CodeIgniter\Model->countAllResults(false)
#5 D:\Xampp\htdocs\Appertment\app\Controllers\UserController.php(16): CodeIgniter\BaseModel->paginate(4, 'group')
#6 D:\Xampp\htdocs\Appertment\system\CodeIgniter.php(919): App\Controllers\UserController->alluser()
#7 D:\Xampp\htdocs\Appertment\system\CodeIgniter.php(494): CodeIgniter\CodeIgniter->runController(Object(App\Controllers\UserController))
#8 D:\Xampp\htdocs\Appertment\system\CodeIgniter.php(353): CodeIgniter\CodeIgniter->handleRequest(NULL, Object(Config\Cache), false)
#9 D:\Xampp\htdocs\Appertment\public\index.php(79): CodeIgniter\CodeIgniter->run()
#10 D:\Xampp\htdocs\Appertment\system\Commands\Server\rewrite.php(47): require_once('D:\\Xampp\\htdocs...')
#11 {main}
CRITICAL - 2023-10-17 18:54:30 --> Unable to connect to the database.
Main connection [MySQLi]: No connection could be made because the target machine actively refused it
in SYSTEMPATH\Database\BaseConnection.php on line 427.
 1 SYSTEMPATH\Database\BaseConnection.php(574): CodeIgniter\Database\BaseConnection->initialize()
 2 SYSTEMPATH\Database\BaseBuilder.php(1699): CodeIgniter\Database\BaseConnection->query('SELECT COUNT(*) AS `numrows`
FROM `user`', [], false)
 3 SYSTEMPATH\Model.php(599): CodeIgniter\Database\BaseBuilder->countAllResults(false)
 4 SYSTEMPATH\BaseModel.php(1203): CodeIgniter\Model->countAllResults(false)
 5 APPPATH\Controllers\UserController.php(16): CodeIgniter\BaseModel->paginate(4, 'group')
 6 SYSTEMPATH\CodeIgniter.php(919): App\Controllers\UserController->alluser()
 7 SYSTEMPATH\CodeIgniter.php(494): CodeIgniter\CodeIgniter->runController(Object(App\Controllers\UserController))
 8 SYSTEMPATH\CodeIgniter.php(353): CodeIgniter\CodeIgniter->handleRequest(null, Object(Config\Cache), false)
 9 FCPATH\index.php(79): CodeIgniter\CodeIgniter->run()
10 SYSTEMPATH\Commands\Server\rewrite.php(47): require_once('D:\\Xampp\\htdocs\\Appertment\\public\\index.php')
INFO - 2023-10-17 18:54:38 --> Session: Class initialized using 'CodeIgniter\Session\Handlers\FileHandler' driver.
INFO - 2023-10-17 18:54:46 --> Session: Class initialized using 'CodeIgniter\Session\Handlers\FileHandler' driver.
INFO - 2023-10-17 18:55:02 --> Session: Class initialized using 'CodeIgniter\Session\Handlers\FileHandler' driver.
CRITICAL - 2023-10-17 18:55:11 --> count(): Argument #1 ($value) must be of type Countable|array, null given
in APPPATH\Views\dashboard\page\gatekeeper\all-gk.php on line 29.
 1 SYSTEMPATH\View\View.php(226): include()
 2 SYSTEMPATH\View\View.php(229): CodeIgniter\View\View->CodeIgniter\View\{closure}()
 3 SYSTEMPATH\Common.php(1188): CodeIgniter\View\View->render('dashboard/page/gatekeeper/all-gk', [], true)
 4 APPPATH\Controllers\GkController.php(21): view('dashboard/page/gatekeeper/all-gk', [...])
 5 SYSTEMPATH\CodeIgniter.php(919): App\Controllers\GkController->index()
 6 SYSTEMPATH\CodeIgniter.php(494): CodeIgniter\CodeIgniter->runController(Object(App\Controllers\GkController))
 7 SYSTEMPATH\CodeIgniter.php(353): CodeIgniter\CodeIgniter->handleRequest(null, Object(Config\Cache), false)
 8 FCPATH\index.php(79): CodeIgniter\CodeIgniter->run()
 9 SYSTEMPATH\Commands\Server\rewrite.php(47): require_once('D:\\Xampp\\htdocs\\Appertment\\public\\index.php')
INFO - 2023-10-17 18:55:17 --> Session: Class initialized using 'CodeIgniter\Session\Handlers\FileHandler' driver.
INFO - 2023-10-17 18:56:25 --> Session: Class initialized using 'CodeIgniter\Session\Handlers\FileHandler' driver.
INFO - 2023-10-17 18:56:43 --> Session: Class initialized using 'CodeIgniter\Session\Handlers\FileHandler' driver.
INFO - 2023-10-17 18:56:51 --> Session: Class initialized using 'CodeIgniter\Session\Handlers\FileHandler' driver.
INFO - 2023-10-17 18:56:52 --> Session: Class initialized using 'CodeIgniter\Session\Handlers\FileHandler' driver.
INFO - 2023-10-17 18:56:53 --> Session: Class initialized using 'CodeIgniter\Session\Handlers\FileHandler' driver.
INFO - 2023-10-17 18:56:53 --> Session: Class initialized using 'CodeIgniter\Session\Handlers\FileHandler' driver.
INFO - 2023-10-17 18:56:56 --> Session: Class initialized using 'CodeIgniter\Session\Handlers\FileHandler' driver.
