INFO - 2023-10-18 15:08:36 --> Session: Class initialized using 'CodeIgniter\Session\Handlers\FileHandler' driver.
ERROR - 2023-10-18 15:08:47 --> Error connecting to the database: mysqli_sql_exception: No connection could be made because the target machine actively refused it in D:\Xampp\htdocs\Appertment\system\Database\MySQLi\Connection.php:184
Stack trace:
#0 D:\Xampp\htdocs\Appertment\system\Database\MySQLi\Connection.php(184): mysqli->real_connect('localhost', 'root', Object(SensitiveParameterValue), 'db_ci_crud', 3306, '', 0)
#1 D:\Xampp\htdocs\Appertment\system\Database\BaseConnection.php(391): CodeIgniter\Database\MySQLi\Connection->connect(false)
#2 D:\Xampp\htdocs\Appertment\system\Database\BaseConnection.php(574): CodeIgniter\Database\BaseConnection->initialize()
#3 D:\Xampp\htdocs\Appertment\system\Database\BaseBuilder.php(1699): CodeIgniter\Database\BaseConnection->query('SELECT COUNT(*)...', Array, false)
#4 D:\Xampp\htdocs\Appertment\system\Model.php(599): CodeIgniter\Database\BaseBuilder->countAllResults(false)
#5 D:\Xampp\htdocs\Appertment\system\BaseModel.php(1203): CodeIgniter\Model->countAllResults(false)
#6 D:\Xampp\htdocs\Appertment\app\Controllers\UserController.php(16): CodeIgniter\BaseModel->paginate(4, 'group')
#7 D:\Xampp\htdocs\Appertment\system\CodeIgniter.php(919): App\Controllers\UserController->alluser()
#8 D:\Xampp\htdocs\Appertment\system\CodeIgniter.php(494): CodeIgniter\CodeIgniter->runController(Object(App\Controllers\UserController))
#9 D:\Xampp\htdocs\Appertment\system\CodeIgniter.php(353): CodeIgniter\CodeIgniter->handleRequest(NULL, Object(Config\Cache), false)
#10 D:\Xampp\htdocs\Appertment\public\index.php(79): CodeIgniter\CodeIgniter->run()
#11 D:\Xampp\htdocs\Appertment\system\Commands\Server\rewrite.php(47): require_once('D:\\Xampp\\htdocs...')
#12 {main}

Next CodeIgniter\Database\Exceptions\DatabaseException: No connection could be made because the target machine actively refused it in D:\Xampp\htdocs\Appertment\system\Database\MySQLi\Connection.php:229
Stack trace:
#0 D:\Xampp\htdocs\Appertment\system\Database\BaseConnection.php(391): CodeIgniter\Database\MySQLi\Connection->connect(false)
#1 D:\Xampp\htdocs\Appertment\system\Database\BaseConnection.php(574): CodeIgniter\Database\BaseConnection->initialize()
#2 D:\Xampp\htdocs\Appertment\system\Database\BaseBuilder.php(1699): CodeIgniter\Database\BaseConnection->query('SELECT COUNT(*)...', Array, false)
#3 D:\Xampp\htdocs\Appertment\system\Model.php(599): CodeIgniter\Database\BaseBuilder->countAllResults(false)
#4 D:\Xampp\htdocs\Appertment\system\BaseModel.php(1203): CodeIgniter\Model->countAllResults(false)
#5 D:\Xampp\htdocs\Appertment\app\Controllers\UserController.php(16): CodeIgniter\BaseModel->paginate(4, 'group')
#6 D:\Xampp\htdocs\Appertment\system\CodeIgniter.php(919): App\Controllers\UserController->alluser()
#7 D:\Xampp\htdocs\Appertment\system\CodeIgniter.php(494): CodeIgniter\CodeIgniter->runController(Object(App\Controllers\UserController))
#8 D:\Xampp\htdocs\Appertment\system\CodeIgniter.php(353): CodeIgniter\CodeIgniter->handleRequest(NULL, Object(Config\Cache), false)
#9 D:\Xampp\htdocs\Appertment\public\index.php(79): CodeIgniter\CodeIgniter->run()
#10 D:\Xampp\htdocs\Appertment\system\Commands\Server\rewrite.php(47): require_once('D:\\Xampp\\htdocs...')
#11 {main}
CRITICAL - 2023-10-18 15:08:47 --> Unable to connect to the database.
Main connection [MySQLi]: No connection could be made because the target machine actively refused it
in SYSTEMPATH\Database\BaseConnection.php on line 427.
 1 SYSTEMPATH\Database\BaseConnection.php(574): CodeIgniter\Database\BaseConnection->initialize()
 2 SYSTEMPATH\Database\BaseBuilder.php(1699): CodeIgniter\Database\BaseConnection->query('SELECT COUNT(*) AS `numrows`
FROM `user`', [], false)
 3 SYSTEMPATH\Model.php(599): CodeIgniter\Database\BaseBuilder->countAllResults(false)
 4 SYSTEMPATH\BaseModel.php(1203): CodeIgniter\Model->countAllResults(false)
 5 APPPATH\Controllers\UserController.php(16): CodeIgniter\BaseModel->paginate(4, 'group')
 6 SYSTEMPATH\CodeIgniter.php(919): App\Controllers\UserController->alluser()
 7 SYSTEMPATH\CodeIgniter.php(494): CodeIgniter\CodeIgniter->runController(Object(App\Controllers\UserController))
 8 SYSTEMPATH\CodeIgniter.php(353): CodeIgniter\CodeIgniter->handleRequest(null, Object(Config\Cache), false)
 9 FCPATH\index.php(79): CodeIgniter\CodeIgniter->run()
10 SYSTEMPATH\Commands\Server\rewrite.php(47): require_once('D:\\Xampp\\htdocs\\Appertment\\public\\index.php')
INFO - 2023-10-18 15:08:53 --> Session: Class initialized using 'CodeIgniter\Session\Handlers\FileHandler' driver.
CRITICAL - 2023-10-18 15:08:57 --> count(): Argument #1 ($value) must be of type Countable|array, null given
in APPPATH\Views\dashboard\page\gatekeeper\all-gk.php on line 29.
 1 SYSTEMPATH\View\View.php(226): include()
 2 SYSTEMPATH\View\View.php(229): CodeIgniter\View\View->CodeIgniter\View\{closure}()
 3 SYSTEMPATH\Common.php(1188): CodeIgniter\View\View->render('dashboard/page/gatekeeper/all-gk', [], true)
 4 APPPATH\Controllers\GkController.php(21): view('dashboard/page/gatekeeper/all-gk', [...])
 5 SYSTEMPATH\CodeIgniter.php(919): App\Controllers\GkController->index()
 6 SYSTEMPATH\CodeIgniter.php(494): CodeIgniter\CodeIgniter->runController(Object(App\Controllers\GkController))
 7 SYSTEMPATH\CodeIgniter.php(353): CodeIgniter\CodeIgniter->handleRequest(null, Object(Config\Cache), false)
 8 FCPATH\index.php(79): CodeIgniter\CodeIgniter->run()
 9 SYSTEMPATH\Commands\Server\rewrite.php(47): require_once('D:\\Xampp\\htdocs\\Appertment\\public\\index.php')
CRITICAL - 2023-10-18 15:09:58 --> Undefined variable $gk
in APPPATH\Views\dashboard\page\gatekeeper\all-gk.php on line 30.
 1 APPPATH\Views\dashboard\page\gatekeeper\all-gk.php(30): CodeIgniter\Debug\Exceptions->errorHandler(2, 'Undefined variable $gk', 'D:\\Xampp\\htdocs\\Appertment\\app\\Views\\dashboard\\page\\gatekeeper\\all-gk.php', 30)
 2 SYSTEMPATH\View\View.php(226): include('D:\\Xampp\\htdocs\\Appertment\\app\\Views\\dashboard\\page\\gatekeeper\\all-gk.php')
 3 SYSTEMPATH\View\View.php(229): CodeIgniter\View\View->CodeIgniter\View\{closure}()
 4 SYSTEMPATH\Common.php(1188): CodeIgniter\View\View->render('dashboard/page/gatekeeper/all-gk', [], true)
 5 APPPATH\Controllers\GkController.php(21): view('dashboard/page/gatekeeper/all-gk', [...])
 6 SYSTEMPATH\CodeIgniter.php(919): App\Controllers\GkController->index()
 7 SYSTEMPATH\CodeIgniter.php(494): CodeIgniter\CodeIgniter->runController(Object(App\Controllers\GkController))
 8 SYSTEMPATH\CodeIgniter.php(353): CodeIgniter\CodeIgniter->handleRequest(null, Object(Config\Cache), false)
 9 FCPATH\index.php(79): CodeIgniter\CodeIgniter->run()
10 SYSTEMPATH\Commands\Server\rewrite.php(47): require_once('D:\\Xampp\\htdocs\\Appertment\\public\\index.php')
INFO - 2023-10-18 15:10:26 --> Session: Class initialized using 'CodeIgniter\Session\Handlers\FileHandler' driver.
INFO - 2023-10-18 15:12:49 --> Session: Class initialized using 'CodeIgniter\Session\Handlers\FileHandler' driver.
INFO - 2023-10-18 15:12:54 --> Session: Class initialized using 'CodeIgniter\Session\Handlers\FileHandler' driver.
INFO - 2023-10-18 15:14:14 --> Session: Class initialized using 'CodeIgniter\Session\Handlers\FileHandler' driver.
INFO - 2023-10-18 15:14:47 --> Session: Class initialized using 'CodeIgniter\Session\Handlers\FileHandler' driver.
INFO - 2023-10-18 15:14:49 --> Session: Class initialized using 'CodeIgniter\Session\Handlers\FileHandler' driver.
INFO - 2023-10-18 15:19:06 --> Session: Class initialized using 'CodeIgniter\Session\Handlers\FileHandler' driver.
CRITICAL - 2023-10-18 15:19:10 --> count(): Argument #1 ($value) must be of type Countable|array, null given
in APPPATH\Views\dashboard\page\gatekeeper\all-gk.php on line 29.
 1 SYSTEMPATH\View\View.php(226): include()
 2 SYSTEMPATH\View\View.php(229): CodeIgniter\View\View->CodeIgniter\View\{closure}()
 3 SYSTEMPATH\Common.php(1188): CodeIgniter\View\View->render('dashboard\\page\\gatekeeper\\all-gk', [], true)
 4 APPPATH\Controllers\GkController.php(58): view('dashboard\\page\\gatekeeper\\all-gk', [...])
 5 SYSTEMPATH\CodeIgniter.php(919): App\Controllers\GkController->addgk()
 6 SYSTEMPATH\CodeIgniter.php(494): CodeIgniter\CodeIgniter->runController(Object(App\Controllers\GkController))
 7 SYSTEMPATH\CodeIgniter.php(353): CodeIgniter\CodeIgniter->handleRequest(null, Object(Config\Cache), false)
 8 FCPATH\index.php(79): CodeIgniter\CodeIgniter->run()
 9 SYSTEMPATH\Commands\Server\rewrite.php(47): require_once('D:\\Xampp\\htdocs\\Appertment\\public\\index.php')
INFO - 2023-10-18 15:19:36 --> Session: Class initialized using 'CodeIgniter\Session\Handlers\FileHandler' driver.
INFO - 2023-10-18 15:19:51 --> Session: Class initialized using 'CodeIgniter\Session\Handlers\FileHandler' driver.
CRITICAL - 2023-10-18 15:19:57 --> Array to string conversion
in APPPATH\Controllers\GkController.php on line 71.
 1 APPPATH\Controllers\GkController.php(71): CodeIgniter\Debug\Exceptions->errorHandler(2, 'Array to string conversion', 'D:\\Xampp\\htdocs\\Appertment\\app\\Controllers\\GkController.php', 71)
 2 SYSTEMPATH\CodeIgniter.php(919): App\Controllers\GkController->edit('3')
 3 SYSTEMPATH\CodeIgniter.php(494): CodeIgniter\CodeIgniter->runController(Object(App\Controllers\GkController))
 4 SYSTEMPATH\CodeIgniter.php(353): CodeIgniter\CodeIgniter->handleRequest(null, Object(Config\Cache), false)
 5 FCPATH\index.php(79): CodeIgniter\CodeIgniter->run()
 6 SYSTEMPATH\Commands\Server\rewrite.php(47): require_once('D:\\Xampp\\htdocs\\Appertment\\public\\index.php')
CRITICAL - 2023-10-18 17:31:34 --> Invalid file: "dashboard/page/user/all-pay.php"
in SYSTEMPATH\Exceptions\FrameworkException.php on line 39.
 1 SYSTEMPATH\View\View.php(214): CodeIgniter\Exceptions\FrameworkException::forInvalidFile('dashboard/page/user/all-pay.php')
 2 SYSTEMPATH\Common.php(1188): CodeIgniter\View\View->render('dashboard/page/user/all-pay', [], true)
 3 APPPATH\Controllers\PayController.php(19): view('dashboard/page/user/all-pay', [...])
 4 SYSTEMPATH\CodeIgniter.php(919): App\Controllers\PayController->index()
 5 SYSTEMPATH\CodeIgniter.php(494): CodeIgniter\CodeIgniter->runController(Object(App\Controllers\PayController))
 6 SYSTEMPATH\CodeIgniter.php(353): CodeIgniter\CodeIgniter->handleRequest(null, Object(Config\Cache), false)
 7 FCPATH\index.php(79): CodeIgniter\CodeIgniter->run()
 8 SYSTEMPATH\Commands\Server\rewrite.php(47): require_once('D:\\Xampp\\htdocs\\Appertment\\public\\index.php')
CRITICAL - 2023-10-18 17:31:53 --> Invalid file: "dashboard\page\payment\addpay.php"
in SYSTEMPATH\Exceptions\FrameworkException.php on line 39.
 1 SYSTEMPATH\View\View.php(214): CodeIgniter\Exceptions\FrameworkException::forInvalidFile('dashboard\\page\\payment\\addpay.php')
 2 SYSTEMPATH\Common.php(1188): CodeIgniter\View\View->render('dashboard\\page\\payment\\addpay', [], true)
 3 APPPATH\Controllers\PayController.php(57): view('dashboard\\page\\payment\\addpay', [...])
 4 SYSTEMPATH\CodeIgniter.php(919): App\Controllers\PayController->addpay()
 5 SYSTEMPATH\CodeIgniter.php(494): CodeIgniter\CodeIgniter->runController(Object(App\Controllers\PayController))
 6 SYSTEMPATH\CodeIgniter.php(353): CodeIgniter\CodeIgniter->handleRequest(null, Object(Config\Cache), false)
 7 FCPATH\index.php(79): CodeIgniter\CodeIgniter->run()
 8 SYSTEMPATH\Commands\Server\rewrite.php(47): require_once('D:\\Xampp\\htdocs\\Appertment\\public\\index.php')
CRITICAL - 2023-10-18 17:32:26 --> Invalid file: "dashboard\page\payment\addpay.php"
in SYSTEMPATH\Exceptions\FrameworkException.php on line 39.
 1 SYSTEMPATH\View\View.php(214): CodeIgniter\Exceptions\FrameworkException::forInvalidFile('dashboard\\page\\payment\\addpay.php')
 2 SYSTEMPATH\Common.php(1188): CodeIgniter\View\View->render('dashboard\\page\\payment\\addpay', [], true)
 3 APPPATH\Controllers\PayController.php(57): view('dashboard\\page\\payment\\addpay', [...])
 4 SYSTEMPATH\CodeIgniter.php(919): App\Controllers\PayController->addpay()
 5 SYSTEMPATH\CodeIgniter.php(494): CodeIgniter\CodeIgniter->runController(Object(App\Controllers\PayController))
 6 SYSTEMPATH\CodeIgniter.php(353): CodeIgniter\CodeIgniter->handleRequest(null, Object(Config\Cache), false)
 7 FCPATH\index.php(79): CodeIgniter\CodeIgniter->run()
 8 SYSTEMPATH\Commands\Server\rewrite.php(47): require_once('D:\\Xampp\\htdocs\\Appertment\\public\\index.php')
CRITICAL - 2023-10-18 17:35:19 --> Invalid file: "dashboard\page\payment\addpay.php"
in SYSTEMPATH\Exceptions\FrameworkException.php on line 39.
 1 SYSTEMPATH\View\View.php(214): CodeIgniter\Exceptions\FrameworkException::forInvalidFile('dashboard\\page\\payment\\addpay.php')
 2 SYSTEMPATH\Common.php(1188): CodeIgniter\View\View->render('dashboard\\page\\payment\\addpay', [], true)
 3 APPPATH\Controllers\PayController.php(57): view('dashboard\\page\\payment\\addpay', [...])
 4 SYSTEMPATH\CodeIgniter.php(919): App\Controllers\PayController->addpay()
 5 SYSTEMPATH\CodeIgniter.php(494): CodeIgniter\CodeIgniter->runController(Object(App\Controllers\PayController))
 6 SYSTEMPATH\CodeIgniter.php(353): CodeIgniter\CodeIgniter->handleRequest(null, Object(Config\Cache), false)
 7 FCPATH\index.php(79): CodeIgniter\CodeIgniter->run()
 8 SYSTEMPATH\Commands\Server\rewrite.php(47): require_once('D:\\Xampp\\htdocs\\Appertment\\public\\index.php')
CRITICAL - 2023-10-18 17:52:29 --> Invalid file: "dashboard\page\payment\addpay.php"
in SYSTEMPATH\Exceptions\FrameworkException.php on line 39.
 1 SYSTEMPATH\View\View.php(214): CodeIgniter\Exceptions\FrameworkException::forInvalidFile('dashboard\\page\\payment\\addpay.php')
 2 SYSTEMPATH\Common.php(1188): CodeIgniter\View\View->render('dashboard\\page\\payment\\addpay', [], true)
 3 APPPATH\Controllers\PayController.php(57): view('dashboard\\page\\payment\\addpay', [...])
 4 SYSTEMPATH\CodeIgniter.php(919): App\Controllers\PayController->addpay()
 5 SYSTEMPATH\CodeIgniter.php(494): CodeIgniter\CodeIgniter->runController(Object(App\Controllers\PayController))
 6 SYSTEMPATH\CodeIgniter.php(353): CodeIgniter\CodeIgniter->handleRequest(null, Object(Config\Cache), false)
 7 FCPATH\index.php(79): CodeIgniter\CodeIgniter->run()
 8 SYSTEMPATH\Commands\Server\rewrite.php(47): require_once('D:\\Xampp\\htdocs\\Appertment\\public\\index.php')
CRITICAL - 2023-10-18 17:52:30 --> Invalid file: "dashboard\page\payment\addpay.php"
in SYSTEMPATH\Exceptions\FrameworkException.php on line 39.
 1 SYSTEMPATH\View\View.php(214): CodeIgniter\Exceptions\FrameworkException::forInvalidFile('dashboard\\page\\payment\\addpay.php')
 2 SYSTEMPATH\Common.php(1188): CodeIgniter\View\View->render('dashboard\\page\\payment\\addpay', [], true)
 3 APPPATH\Controllers\PayController.php(57): view('dashboard\\page\\payment\\addpay', [...])
 4 SYSTEMPATH\CodeIgniter.php(919): App\Controllers\PayController->addpay()
 5 SYSTEMPATH\CodeIgniter.php(494): CodeIgniter\CodeIgniter->runController(Object(App\Controllers\PayController))
 6 SYSTEMPATH\CodeIgniter.php(353): CodeIgniter\CodeIgniter->handleRequest(null, Object(Config\Cache), false)
 7 FCPATH\index.php(79): CodeIgniter\CodeIgniter->run()
 8 SYSTEMPATH\Commands\Server\rewrite.php(47): require_once('D:\\Xampp\\htdocs\\Appertment\\public\\index.php')
CRITICAL - 2023-10-18 17:52:30 --> Invalid file: "dashboard\page\payment\addpay.php"
in SYSTEMPATH\Exceptions\FrameworkException.php on line 39.
 1 SYSTEMPATH\View\View.php(214): CodeIgniter\Exceptions\FrameworkException::forInvalidFile('dashboard\\page\\payment\\addpay.php')
 2 SYSTEMPATH\Common.php(1188): CodeIgniter\View\View->render('dashboard\\page\\payment\\addpay', [], true)
 3 APPPATH\Controllers\PayController.php(57): view('dashboard\\page\\payment\\addpay', [...])
 4 SYSTEMPATH\CodeIgniter.php(919): App\Controllers\PayController->addpay()
 5 SYSTEMPATH\CodeIgniter.php(494): CodeIgniter\CodeIgniter->runController(Object(App\Controllers\PayController))
 6 SYSTEMPATH\CodeIgniter.php(353): CodeIgniter\CodeIgniter->handleRequest(null, Object(Config\Cache), false)
 7 FCPATH\index.php(79): CodeIgniter\CodeIgniter->run()
 8 SYSTEMPATH\Commands\Server\rewrite.php(47): require_once('D:\\Xampp\\htdocs\\Appertment\\public\\index.php')
CRITICAL - 2023-10-18 17:52:31 --> Invalid file: "dashboard\page\payment\addpay.php"
in SYSTEMPATH\Exceptions\FrameworkException.php on line 39.
 1 SYSTEMPATH\View\View.php(214): CodeIgniter\Exceptions\FrameworkException::forInvalidFile('dashboard\\page\\payment\\addpay.php')
 2 SYSTEMPATH\Common.php(1188): CodeIgniter\View\View->render('dashboard\\page\\payment\\addpay', [], true)
 3 APPPATH\Controllers\PayController.php(57): view('dashboard\\page\\payment\\addpay', [...])
 4 SYSTEMPATH\CodeIgniter.php(919): App\Controllers\PayController->addpay()
 5 SYSTEMPATH\CodeIgniter.php(494): CodeIgniter\CodeIgniter->runController(Object(App\Controllers\PayController))
 6 SYSTEMPATH\CodeIgniter.php(353): CodeIgniter\CodeIgniter->handleRequest(null, Object(Config\Cache), false)
 7 FCPATH\index.php(79): CodeIgniter\CodeIgniter->run()
 8 SYSTEMPATH\Commands\Server\rewrite.php(47): require_once('D:\\Xampp\\htdocs\\Appertment\\public\\index.php')
CRITICAL - 2023-10-18 17:52:31 --> Invalid file: "dashboard\page\payment\addpay.php"
in SYSTEMPATH\Exceptions\FrameworkException.php on line 39.
 1 SYSTEMPATH\View\View.php(214): CodeIgniter\Exceptions\FrameworkException::forInvalidFile('dashboard\\page\\payment\\addpay.php')
 2 SYSTEMPATH\Common.php(1188): CodeIgniter\View\View->render('dashboard\\page\\payment\\addpay', [], true)
 3 APPPATH\Controllers\PayController.php(57): view('dashboard\\page\\payment\\addpay', [...])
 4 SYSTEMPATH\CodeIgniter.php(919): App\Controllers\PayController->addpay()
 5 SYSTEMPATH\CodeIgniter.php(494): CodeIgniter\CodeIgniter->runController(Object(App\Controllers\PayController))
 6 SYSTEMPATH\CodeIgniter.php(353): CodeIgniter\CodeIgniter->handleRequest(null, Object(Config\Cache), false)
 7 FCPATH\index.php(79): CodeIgniter\CodeIgniter->run()
 8 SYSTEMPATH\Commands\Server\rewrite.php(47): require_once('D:\\Xampp\\htdocs\\Appertment\\public\\index.php')
CRITICAL - 2023-10-18 17:53:06 --> Invalid file: "dashboard\page\payment\addpay.php"
in SYSTEMPATH\Exceptions\FrameworkException.php on line 39.
 1 SYSTEMPATH\View\View.php(214): CodeIgniter\Exceptions\FrameworkException::forInvalidFile('dashboard\\page\\payment\\addpay.php')
 2 SYSTEMPATH\Common.php(1188): CodeIgniter\View\View->render('dashboard\\page\\payment\\addpay', [], true)
 3 APPPATH\Controllers\PayController.php(57): view('dashboard\\page\\payment\\addpay', [...])
 4 SYSTEMPATH\CodeIgniter.php(919): App\Controllers\PayController->addpay()
 5 SYSTEMPATH\CodeIgniter.php(494): CodeIgniter\CodeIgniter->runController(Object(App\Controllers\PayController))
 6 SYSTEMPATH\CodeIgniter.php(353): CodeIgniter\CodeIgniter->handleRequest(null, Object(Config\Cache), false)
 7 FCPATH\index.php(79): CodeIgniter\CodeIgniter->run()
 8 SYSTEMPATH\Commands\Server\rewrite.php(47): require_once('D:\\Xampp\\htdocs\\Appertment\\public\\index.php')
CRITICAL - 2023-10-18 17:54:00 --> Invalid file: "dashboard\page\payment\addpay.php"
in SYSTEMPATH\Exceptions\FrameworkException.php on line 39.
 1 SYSTEMPATH\View\View.php(214): CodeIgniter\Exceptions\FrameworkException::forInvalidFile('dashboard\\page\\payment\\addpay.php')
 2 SYSTEMPATH\Common.php(1188): CodeIgniter\View\View->render('dashboard\\page\\payment\\addpay', [], true)
 3 APPPATH\Controllers\PayController.php(57): view('dashboard\\page\\payment\\addpay', [...])
 4 SYSTEMPATH\CodeIgniter.php(919): App\Controllers\PayController->addpay()
 5 SYSTEMPATH\CodeIgniter.php(494): CodeIgniter\CodeIgniter->runController(Object(App\Controllers\PayController))
 6 SYSTEMPATH\CodeIgniter.php(353): CodeIgniter\CodeIgniter->handleRequest(null, Object(Config\Cache), false)
 7 FCPATH\index.php(79): CodeIgniter\CodeIgniter->run()
 8 SYSTEMPATH\Commands\Server\rewrite.php(47): require_once('D:\\Xampp\\htdocs\\Appertment\\public\\index.php')
CRITICAL - 2023-10-18 17:57:08 --> Invalid file: "dashboard/page/payment/all-pay.php"
in SYSTEMPATH\Exceptions\FrameworkException.php on line 39.
 1 SYSTEMPATH\View\View.php(214): CodeIgniter\Exceptions\FrameworkException::forInvalidFile('dashboard/page/payment/all-pay.php')
 2 SYSTEMPATH\Common.php(1188): CodeIgniter\View\View->render('dashboard/page/payment/all-pay', [], true)
 3 APPPATH\Controllers\PayController.php(19): view('dashboard/page/payment/all-pay', [...])
 4 SYSTEMPATH\CodeIgniter.php(919): App\Controllers\PayController->index()
 5 SYSTEMPATH\CodeIgniter.php(494): CodeIgniter\CodeIgniter->runController(Object(App\Controllers\PayController))
 6 SYSTEMPATH\CodeIgniter.php(353): CodeIgniter\CodeIgniter->handleRequest(null, Object(Config\Cache), false)
 7 FCPATH\index.php(79): CodeIgniter\CodeIgniter->run()
 8 SYSTEMPATH\Commands\Server\rewrite.php(47): require_once('D:\\Xampp\\htdocs\\Appertment\\public\\index.php')
INFO - 2023-10-18 17:57:33 --> Session: Class initialized using 'CodeIgniter\Session\Handlers\FileHandler' driver.
INFO - 2023-10-18 17:57:54 --> Session: Class initialized using 'CodeIgniter\Session\Handlers\FileHandler' driver.
INFO - 2023-10-18 17:57:59 --> Session: Class initialized using 'CodeIgniter\Session\Handlers\FileHandler' driver.
INFO - 2023-10-18 17:58:04 --> Session: Class initialized using 'CodeIgniter\Session\Handlers\FileHandler' driver.
INFO - 2023-10-18 17:59:43 --> Session: Class initialized using 'CodeIgniter\Session\Handlers\FileHandler' driver.
INFO - 2023-10-18 18:01:47 --> Session: Class initialized using 'CodeIgniter\Session\Handlers\FileHandler' driver.
INFO - 2023-10-18 18:02:01 --> Session: Class initialized using 'CodeIgniter\Session\Handlers\FileHandler' driver.
INFO - 2023-10-18 18:02:42 --> Session: Class initialized using 'CodeIgniter\Session\Handlers\FileHandler' driver.
INFO - 2023-10-18 18:02:45 --> Session: Class initialized using 'CodeIgniter\Session\Handlers\FileHandler' driver.
CRITICAL - 2023-10-18 18:02:47 --> count(): Argument #1 ($value) must be of type Countable|array, null given
in APPPATH\Views\dashboard\page\payment\all-pay.php on line 33.
 1 SYSTEMPATH\View\View.php(226): include()
 2 SYSTEMPATH\View\View.php(229): CodeIgniter\View\View->CodeIgniter\View\{closure}()
 3 SYSTEMPATH\Common.php(1188): CodeIgniter\View\View->render('dashboard/page/payment/all-pay', [], true)
 4 APPPATH\Controllers\PayController.php(19): view('dashboard/page/payment/all-pay', [...])
 5 SYSTEMPATH\CodeIgniter.php(919): App\Controllers\PayController->index()
 6 SYSTEMPATH\CodeIgniter.php(494): CodeIgniter\CodeIgniter->runController(Object(App\Controllers\PayController))
 7 SYSTEMPATH\CodeIgniter.php(353): CodeIgniter\CodeIgniter->handleRequest(null, Object(Config\Cache), false)
 8 FCPATH\index.php(79): CodeIgniter\CodeIgniter->run()
 9 SYSTEMPATH\Commands\Server\rewrite.php(47): require_once('D:\\Xampp\\htdocs\\Appertment\\public\\index.php')
INFO - 2023-10-18 18:03:26 --> Session: Class initialized using 'CodeIgniter\Session\Handlers\FileHandler' driver.
INFO - 2023-10-18 18:03:52 --> Session: Class initialized using 'CodeIgniter\Session\Handlers\FileHandler' driver.
INFO - 2023-10-18 18:04:18 --> Session: Class initialized using 'CodeIgniter\Session\Handlers\FileHandler' driver.
INFO - 2023-10-18 18:04:19 --> Session: Class initialized using 'CodeIgniter\Session\Handlers\FileHandler' driver.
INFO - 2023-10-18 18:04:37 --> Session: Class initialized using 'CodeIgniter\Session\Handlers\FileHandler' driver.
INFO - 2023-10-18 18:04:41 --> Session: Class initialized using 'CodeIgniter\Session\Handlers\FileHandler' driver.
INFO - 2023-10-18 18:05:07 --> Session: Class initialized using 'CodeIgniter\Session\Handlers\FileHandler' driver.
INFO - 2023-10-18 18:05:08 --> Session: Class initialized using 'CodeIgniter\Session\Handlers\FileHandler' driver.
INFO - 2023-10-18 18:05:17 --> Session: Class initialized using 'CodeIgniter\Session\Handlers\FileHandler' driver.
CRITICAL - 2023-10-18 18:05:19 --> Array to string conversion
in APPPATH\Controllers\GkController.php on line 71.
 1 APPPATH\Controllers\GkController.php(71): CodeIgniter\Debug\Exceptions->errorHandler(2, 'Array to string conversion', 'D:\\Xampp\\htdocs\\Appertment\\app\\Controllers\\GkController.php', 71)
 2 SYSTEMPATH\CodeIgniter.php(919): App\Controllers\GkController->edit('4')
 3 SYSTEMPATH\CodeIgniter.php(494): CodeIgniter\CodeIgniter->runController(Object(App\Controllers\GkController))
 4 SYSTEMPATH\CodeIgniter.php(353): CodeIgniter\CodeIgniter->handleRequest(null, Object(Config\Cache), false)
 5 FCPATH\index.php(79): CodeIgniter\CodeIgniter->run()
 6 SYSTEMPATH\Commands\Server\rewrite.php(47): require_once('D:\\Xampp\\htdocs\\Appertment\\public\\index.php')
INFO - 2023-10-18 18:05:25 --> Session: Class initialized using 'CodeIgniter\Session\Handlers\FileHandler' driver.
CRITICAL - 2023-10-18 18:05:28 --> Array to string conversion
in APPPATH\Controllers\GkController.php on line 71.
 1 APPPATH\Controllers\GkController.php(71): CodeIgniter\Debug\Exceptions->errorHandler(2, 'Array to string conversion', 'D:\\Xampp\\htdocs\\Appertment\\app\\Controllers\\GkController.php', 71)
 2 SYSTEMPATH\CodeIgniter.php(919): App\Controllers\GkController->edit('3')
 3 SYSTEMPATH\CodeIgniter.php(494): CodeIgniter\CodeIgniter->runController(Object(App\Controllers\GkController))
 4 SYSTEMPATH\CodeIgniter.php(353): CodeIgniter\CodeIgniter->handleRequest(null, Object(Config\Cache), false)
 5 FCPATH\index.php(79): CodeIgniter\CodeIgniter->run()
 6 SYSTEMPATH\Commands\Server\rewrite.php(47): require_once('D:\\Xampp\\htdocs\\Appertment\\public\\index.php')
CRITICAL - 2023-10-18 18:06:42 --> Invalid file: "dashboard\pages\gatekeeper\update_gk.php"
in SYSTEMPATH\Exceptions\FrameworkException.php on line 39.
 1 SYSTEMPATH\View\View.php(214): CodeIgniter\Exceptions\FrameworkException::forInvalidFile('dashboard\\pages\\gatekeeper\\update_gk.php')
 2 SYSTEMPATH\Common.php(1188): CodeIgniter\View\View->render('dashboard\\pages\\gatekeeper\\update_gk', [], true)
 3 APPPATH\Controllers\GkController.php(71): view('dashboard\\pages\\gatekeeper\\update_gk', [...])
 4 SYSTEMPATH\CodeIgniter.php(919): App\Controllers\GkController->edit('3')
 5 SYSTEMPATH\CodeIgniter.php(494): CodeIgniter\CodeIgniter->runController(Object(App\Controllers\GkController))
 6 SYSTEMPATH\CodeIgniter.php(353): CodeIgniter\CodeIgniter->handleRequest(null, Object(Config\Cache), false)
 7 FCPATH\index.php(79): CodeIgniter\CodeIgniter->run()
 8 SYSTEMPATH\Commands\Server\rewrite.php(47): require_once('D:\\Xampp\\htdocs\\Appertment\\public\\index.php')
CRITICAL - 2023-10-18 18:06:52 --> Invalid file: "dashboard\pages\gatekeeper\update_gk.php"
in SYSTEMPATH\Exceptions\FrameworkException.php on line 39.
 1 SYSTEMPATH\View\View.php(214): CodeIgniter\Exceptions\FrameworkException::forInvalidFile('dashboard\\pages\\gatekeeper\\update_gk.php')
 2 SYSTEMPATH\Common.php(1188): CodeIgniter\View\View->render('dashboard\\pages\\gatekeeper\\update_gk', [], true)
 3 APPPATH\Controllers\GkController.php(71): view('dashboard\\pages\\gatekeeper\\update_gk', [...])
 4 SYSTEMPATH\CodeIgniter.php(919): App\Controllers\GkController->edit('3')
 5 SYSTEMPATH\CodeIgniter.php(494): CodeIgniter\CodeIgniter->runController(Object(App\Controllers\GkController))
 6 SYSTEMPATH\CodeIgniter.php(353): CodeIgniter\CodeIgniter->handleRequest(null, Object(Config\Cache), false)
 7 FCPATH\index.php(79): CodeIgniter\CodeIgniter->run()
 8 SYSTEMPATH\Commands\Server\rewrite.php(47): require_once('D:\\Xampp\\htdocs\\Appertment\\public\\index.php')
INFO - 2023-10-18 18:06:53 --> Session: Class initialized using 'CodeIgniter\Session\Handlers\FileHandler' driver.
CRITICAL - 2023-10-18 18:06:55 --> Invalid file: "dashboard\pages\gatekeeper\update_gk.php"
in SYSTEMPATH\Exceptions\FrameworkException.php on line 39.
 1 SYSTEMPATH\View\View.php(214): CodeIgniter\Exceptions\FrameworkException::forInvalidFile('dashboard\\pages\\gatekeeper\\update_gk.php')
 2 SYSTEMPATH\Common.php(1188): CodeIgniter\View\View->render('dashboard\\pages\\gatekeeper\\update_gk', [], true)
 3 APPPATH\Controllers\GkController.php(71): view('dashboard\\pages\\gatekeeper\\update_gk', [...])
 4 SYSTEMPATH\CodeIgniter.php(919): App\Controllers\GkController->edit('3')
 5 SYSTEMPATH\CodeIgniter.php(494): CodeIgniter\CodeIgniter->runController(Object(App\Controllers\GkController))
 6 SYSTEMPATH\CodeIgniter.php(353): CodeIgniter\CodeIgniter->handleRequest(null, Object(Config\Cache), false)
 7 FCPATH\index.php(79): CodeIgniter\CodeIgniter->run()
 8 SYSTEMPATH\Commands\Server\rewrite.php(47): require_once('D:\\Xampp\\htdocs\\Appertment\\public\\index.php')
INFO - 2023-10-18 18:13:32 --> Session: Class initialized using 'CodeIgniter\Session\Handlers\FileHandler' driver.
INFO - 2023-10-18 18:13:33 --> Session: Class initialized using 'CodeIgniter\Session\Handlers\FileHandler' driver.
INFO - 2023-10-18 18:13:35 --> Session: Class initialized using 'CodeIgniter\Session\Handlers\FileHandler' driver.
INFO - 2023-10-18 18:13:36 --> Session: Class initialized using 'CodeIgniter\Session\Handlers\FileHandler' driver.
INFO - 2023-10-18 18:13:37 --> Session: Class initialized using 'CodeIgniter\Session\Handlers\FileHandler' driver.
INFO - 2023-10-18 18:13:51 --> Session: Class initialized using 'CodeIgniter\Session\Handlers\FileHandler' driver.
INFO - 2023-10-18 18:14:17 --> Session: Class initialized using 'CodeIgniter\Session\Handlers\FileHandler' driver.
INFO - 2023-10-18 18:18:05 --> Session: Class initialized using 'CodeIgniter\Session\Handlers\FileHandler' driver.
INFO - 2023-10-18 18:20:16 --> Session: Class initialized using 'CodeIgniter\Session\Handlers\FileHandler' driver.
INFO - 2023-10-18 18:20:20 --> Session: Class initialized using 'CodeIgniter\Session\Handlers\FileHandler' driver.
INFO - 2023-10-18 18:23:36 --> Session: Class initialized using 'CodeIgniter\Session\Handlers\FileHandler' driver.
INFO - 2023-10-18 18:25:00 --> Session: Class initialized using 'CodeIgniter\Session\Handlers\FileHandler' driver.
INFO - 2023-10-18 18:25:03 --> Session: Class initialized using 'CodeIgniter\Session\Handlers\FileHandler' driver.
INFO - 2023-10-18 18:25:12 --> Session: Class initialized using 'CodeIgniter\Session\Handlers\FileHandler' driver.
INFO - 2023-10-18 18:26:25 --> Session: Class initialized using 'CodeIgniter\Session\Handlers\FileHandler' driver.
INFO - 2023-10-18 18:26:27 --> Session: Class initialized using 'CodeIgniter\Session\Handlers\FileHandler' driver.
INFO - 2023-10-18 18:26:29 --> Session: Class initialized using 'CodeIgniter\Session\Handlers\FileHandler' driver.
INFO - 2023-10-18 18:26:32 --> Session: Class initialized using 'CodeIgniter\Session\Handlers\FileHandler' driver.
INFO - 2023-10-18 18:26:36 --> Session: Class initialized using 'CodeIgniter\Session\Handlers\FileHandler' driver.
INFO - 2023-10-18 18:26:37 --> Session: Class initialized using 'CodeIgniter\Session\Handlers\FileHandler' driver.
INFO - 2023-10-18 18:26:42 --> Session: Class initialized using 'CodeIgniter\Session\Handlers\FileHandler' driver.
INFO - 2023-10-18 18:28:24 --> Session: Class initialized using 'CodeIgniter\Session\Handlers\FileHandler' driver.
ERROR - 2023-10-18 18:28:26 --> mysqli_sql_exception: Table 'db_ci_crud.pay' doesn't exist in D:\Xampp\htdocs\Appertment\system\Database\MySQLi\Connection.php:306
Stack trace:
#0 D:\Xampp\htdocs\Appertment\system\Database\MySQLi\Connection.php(306): mysqli->query('SELECT COUNT(*)...', 0)
#1 D:\Xampp\htdocs\Appertment\system\Database\BaseConnection.php(692): CodeIgniter\Database\MySQLi\Connection->execute('SELECT COUNT(*)...')
#2 D:\Xampp\htdocs\Appertment\system\Database\BaseConnection.php(606): CodeIgniter\Database\BaseConnection->simpleQuery('SELECT COUNT(*)...')
#3 D:\Xampp\htdocs\Appertment\system\Database\BaseBuilder.php(1699): CodeIgniter\Database\BaseConnection->query('SELECT COUNT(*)...', Array, false)
#4 D:\Xampp\htdocs\Appertment\system\Model.php(599): CodeIgniter\Database\BaseBuilder->countAllResults(false)
#5 D:\Xampp\htdocs\Appertment\system\BaseModel.php(1203): CodeIgniter\Model->countAllResults(false)
#6 D:\Xampp\htdocs\Appertment\app\Controllers\PayController.php(16): CodeIgniter\BaseModel->paginate(4, 'group')
#7 D:\Xampp\htdocs\Appertment\system\CodeIgniter.php(919): App\Controllers\PayController->index()
#8 D:\Xampp\htdocs\Appertment\system\CodeIgniter.php(494): CodeIgniter\CodeIgniter->runController(Object(App\Controllers\PayController))
#9 D:\Xampp\htdocs\Appertment\system\CodeIgniter.php(353): CodeIgniter\CodeIgniter->handleRequest(NULL, Object(Config\Cache), false)
#10 D:\Xampp\htdocs\Appertment\public\index.php(79): CodeIgniter\CodeIgniter->run()
#11 D:\Xampp\htdocs\Appertment\system\Commands\Server\rewrite.php(47): require_once('D:\\Xampp\\htdocs...')
#12 {main}
CRITICAL - 2023-10-18 18:28:26 --> Table 'db_ci_crud.pay' doesn't exist
in SYSTEMPATH\Database\BaseConnection.php on line 646.
 1 SYSTEMPATH\Database\BaseBuilder.php(1699): CodeIgniter\Database\BaseConnection->query('SELECT COUNT(*) AS `numrows`
FROM `pay`', [], false)
 2 SYSTEMPATH\Model.php(599): CodeIgniter\Database\BaseBuilder->countAllResults(false)
 3 SYSTEMPATH\BaseModel.php(1203): CodeIgniter\Model->countAllResults(false)
 4 APPPATH\Controllers\PayController.php(16): CodeIgniter\BaseModel->paginate(4, 'group')
 5 SYSTEMPATH\CodeIgniter.php(919): App\Controllers\PayController->index()
 6 SYSTEMPATH\CodeIgniter.php(494): CodeIgniter\CodeIgniter->runController(Object(App\Controllers\PayController))
 7 SYSTEMPATH\CodeIgniter.php(353): CodeIgniter\CodeIgniter->handleRequest(null, Object(Config\Cache), false)
 8 FCPATH\index.php(79): CodeIgniter\CodeIgniter->run()
 9 SYSTEMPATH\Commands\Server\rewrite.php(47): require_once('D:\\Xampp\\htdocs\\Appertment\\public\\index.php')
INFO - 2023-10-18 18:28:43 --> Session: Class initialized using 'CodeIgniter\Session\Handlers\FileHandler' driver.
CRITICAL - 2023-10-18 18:30:50 --> Undefined variable $user
in APPPATH\Views\dashboard\page\payment\all-pay.php on line 52.
 1 APPPATH\Views\dashboard\page\payment\all-pay.php(52): CodeIgniter\Debug\Exceptions->errorHandler(2, 'Undefined variable $user', 'D:\\Xampp\\htdocs\\Appertment\\app\\Views\\dashboard\\page\\payment\\all-pay.php', 52)
 2 SYSTEMPATH\View\View.php(226): include('D:\\Xampp\\htdocs\\Appertment\\app\\Views\\dashboard\\page\\payment\\all-pay.php')
 3 SYSTEMPATH\View\View.php(229): CodeIgniter\View\View->CodeIgniter\View\{closure}()
 4 SYSTEMPATH\Common.php(1188): CodeIgniter\View\View->render('dashboard/page/payment/all-pay', [], true)
 5 APPPATH\Controllers\PayController.php(19): view('dashboard/page/payment/all-pay', [...])
 6 SYSTEMPATH\CodeIgniter.php(919): App\Controllers\PayController->index()
 7 SYSTEMPATH\CodeIgniter.php(494): CodeIgniter\CodeIgniter->runController(Object(App\Controllers\PayController))
 8 SYSTEMPATH\CodeIgniter.php(353): CodeIgniter\CodeIgniter->handleRequest(null, Object(Config\Cache), false)
 9 FCPATH\index.php(79): CodeIgniter\CodeIgniter->run()
10 SYSTEMPATH\Commands\Server\rewrite.php(47): require_once('D:\\Xampp\\htdocs\\Appertment\\public\\index.php')
INFO - 2023-10-18 18:31:55 --> Session: Class initialized using 'CodeIgniter\Session\Handlers\FileHandler' driver.
INFO - 2023-10-18 18:32:41 --> Session: Class initialized using 'CodeIgniter\Session\Handlers\FileHandler' driver.
CRITICAL - 2023-10-18 18:32:46 --> Invalid file: "dashboard\page\pay\update_pay.php"
in SYSTEMPATH\Exceptions\FrameworkException.php on line 39.
 1 SYSTEMPATH\View\View.php(214): CodeIgniter\Exceptions\FrameworkException::forInvalidFile('dashboard\\page\\pay\\update_pay.php')
 2 SYSTEMPATH\Common.php(1188): CodeIgniter\View\View->render('dashboard\\page\\pay\\update_pay', [], true)
 3 APPPATH\Controllers\PayController.php(68): view('dashboard\\page\\pay\\update_pay', [...])
 4 SYSTEMPATH\CodeIgniter.php(919): App\Controllers\PayController->edit('1')
 5 SYSTEMPATH\CodeIgniter.php(494): CodeIgniter\CodeIgniter->runController(Object(App\Controllers\PayController))
 6 SYSTEMPATH\CodeIgniter.php(353): CodeIgniter\CodeIgniter->handleRequest(null, Object(Config\Cache), false)
 7 FCPATH\index.php(79): CodeIgniter\CodeIgniter->run()
 8 SYSTEMPATH\Commands\Server\rewrite.php(47): require_once('D:\\Xampp\\htdocs\\Appertment\\public\\index.php')
INFO - 2023-10-18 18:32:51 --> Session: Class initialized using 'CodeIgniter\Session\Handlers\FileHandler' driver.
INFO - 2023-10-18 18:33:08 --> Session: Class initialized using 'CodeIgniter\Session\Handlers\FileHandler' driver.
INFO - 2023-10-18 18:33:31 --> Session: Class initialized using 'CodeIgniter\Session\Handlers\FileHandler' driver.
INFO - 2023-10-18 18:33:35 --> Session: Class initialized using 'CodeIgniter\Session\Handlers\FileHandler' driver.
ERROR - 2023-10-18 18:33:53 --> mysqli_sql_exception: Unknown column 'user_id' in 'order clause' in D:\Xampp\htdocs\Appertment\system\Database\MySQLi\Connection.php:306
Stack trace:
#0 D:\Xampp\htdocs\Appertment\system\Database\MySQLi\Connection.php(306): mysqli->query('SELECT *\nFROM `...', 0)
#1 D:\Xampp\htdocs\Appertment\system\Database\BaseConnection.php(692): CodeIgniter\Database\MySQLi\Connection->execute('SELECT *\nFROM `...')
#2 D:\Xampp\htdocs\Appertment\system\Database\BaseConnection.php(606): CodeIgniter\Database\BaseConnection->simpleQuery('SELECT *\nFROM `...')
#3 D:\Xampp\htdocs\Appertment\system\Database\BaseBuilder.php(1615): CodeIgniter\Database\BaseConnection->query('SELECT *\nFROM `...', Array, false)
#4 D:\Xampp\htdocs\Appertment\system\Model.php(237): CodeIgniter\Database\BaseBuilder->get()
#5 D:\Xampp\htdocs\Appertment\system\BaseModel.php(624): CodeIgniter\Model->doFindAll(4, 0)
#6 D:\Xampp\htdocs\Appertment\system\BaseModel.php(1207): CodeIgniter\BaseModel->findAll(4, 0)
#7 D:\Xampp\htdocs\Appertment\app\Controllers\FlatController.php(16): CodeIgniter\BaseModel->paginate(4, 'group')
#8 D:\Xampp\htdocs\Appertment\system\CodeIgniter.php(919): App\Controllers\FlatController->index()
#9 D:\Xampp\htdocs\Appertment\system\CodeIgniter.php(494): CodeIgniter\CodeIgniter->runController(Object(App\Controllers\FlatController))
#10 D:\Xampp\htdocs\Appertment\system\CodeIgniter.php(353): CodeIgniter\CodeIgniter->handleRequest(NULL, Object(Config\Cache), false)
#11 D:\Xampp\htdocs\Appertment\public\index.php(79): CodeIgniter\CodeIgniter->run()
#12 D:\Xampp\htdocs\Appertment\system\Commands\Server\rewrite.php(47): require_once('D:\\Xampp\\htdocs...')
#13 {main}
CRITICAL - 2023-10-18 18:33:53 --> Unknown column 'user_id' in 'order clause'
in SYSTEMPATH\Database\BaseConnection.php on line 646.
 1 SYSTEMPATH\Database\BaseBuilder.php(1615): CodeIgniter\Database\BaseConnection->query('SELECT *
FROM `flat`
ORDER BY `user_id`
 LIMIT 4', [], false)
 2 SYSTEMPATH\Model.php(237): CodeIgniter\Database\BaseBuilder->get()
 3 SYSTEMPATH\BaseModel.php(624): CodeIgniter\Model->doFindAll(4, 0)
 4 SYSTEMPATH\BaseModel.php(1207): CodeIgniter\BaseModel->findAll(4, 0)
 5 APPPATH\Controllers\FlatController.php(16): CodeIgniter\BaseModel->paginate(4, 'group')
 6 SYSTEMPATH\CodeIgniter.php(919): App\Controllers\FlatController->index()
 7 SYSTEMPATH\CodeIgniter.php(494): CodeIgniter\CodeIgniter->runController(Object(App\Controllers\FlatController))
 8 SYSTEMPATH\CodeIgniter.php(353): CodeIgniter\CodeIgniter->handleRequest(null, Object(Config\Cache), false)
 9 FCPATH\index.php(79): CodeIgniter\CodeIgniter->run()
10 SYSTEMPATH\Commands\Server\rewrite.php(47): require_once('D:\\Xampp\\htdocs\\Appertment\\public\\index.php')
INFO - 2023-10-18 18:34:00 --> Session: Class initialized using 'CodeIgniter\Session\Handlers\FileHandler' driver.
CRITICAL - 2023-10-18 18:34:03 --> Invalid file: "dashboard\pagelat\addflat.php"
in SYSTEMPATH\Exceptions\FrameworkException.php on line 39.
 1 SYSTEMPATH\View\View.php(214): CodeIgniter\Exceptions\FrameworkException::forInvalidFile('dashboard\\pagelat\\addflat.php')
 2 SYSTEMPATH\Common.php(1188): CodeIgniter\View\View->render('dashboard\\pagelat\\addflat', [], true)
 3 APPPATH\Controllers\FlatController.php(46): view('dashboard\\pagelat\\addflat', [...])
 4 SYSTEMPATH\CodeIgniter.php(919): App\Controllers\FlatController->addflat()
 5 SYSTEMPATH\CodeIgniter.php(494): CodeIgniter\CodeIgniter->runController(Object(App\Controllers\FlatController))
 6 SYSTEMPATH\CodeIgniter.php(353): CodeIgniter\CodeIgniter->handleRequest(null, Object(Config\Cache), false)
 7 FCPATH\index.php(79): CodeIgniter\CodeIgniter->run()
 8 SYSTEMPATH\Commands\Server\rewrite.php(47): require_once('D:\\Xampp\\htdocs\\Appertment\\public\\index.php')
INFO - 2023-10-18 18:34:07 --> Session: Class initialized using 'CodeIgniter\Session\Handlers\FileHandler' driver.
INFO - 2023-10-18 18:35:05 --> Session: Class initialized using 'CodeIgniter\Session\Handlers\FileHandler' driver.
INFO - 2023-10-18 18:35:08 --> Session: Class initialized using 'CodeIgniter\Session\Handlers\FileHandler' driver.
INFO - 2023-10-18 18:40:27 --> Session: Class initialized using 'CodeIgniter\Session\Handlers\FileHandler' driver.
INFO - 2023-10-18 18:40:29 --> Session: Class initialized using 'CodeIgniter\Session\Handlers\FileHandler' driver.
INFO - 2023-10-18 18:40:33 --> Session: Class initialized using 'CodeIgniter\Session\Handlers\FileHandler' driver.
