INFO - 2023-12-13 15:10:27 --> Session: Class initialized using 'CodeIgniter\Session\Handlers\FileHandler' driver.
INFO - 2023-12-13 15:10:31 --> Session: Class initialized using 'CodeIgniter\Session\Handlers\FileHandler' driver.
INFO - 2023-12-13 15:10:34 --> Session: Class initialized using 'CodeIgniter\Session\Handlers\FileHandler' driver.
ERROR - 2023-12-13 15:10:41 --> mysqli_sql_exception: Unknown column 'user_id' in 'order clause' in D:\Xampp\htdocs\New folder\Appertment\system\Database\MySQLi\Connection.php:306
Stack trace:
#0 D:\Xampp\htdocs\New folder\Appertment\system\Database\MySQLi\Connection.php(306): mysqli->query('SELECT *\nFROM `...', 0)
#1 D:\Xampp\htdocs\New folder\Appertment\system\Database\BaseConnection.php(692): CodeIgniter\Database\MySQLi\Connection->execute('SELECT *\nFROM `...')
#2 D:\Xampp\htdocs\New folder\Appertment\system\Database\BaseConnection.php(606): CodeIgniter\Database\BaseConnection->simpleQuery('SELECT *\nFROM `...')
#3 D:\Xampp\htdocs\New folder\Appertment\system\Database\BaseBuilder.php(1615): CodeIgniter\Database\BaseConnection->query('SELECT *\nFROM `...', Array, false)
#4 D:\Xampp\htdocs\New folder\Appertment\system\Model.php(237): CodeIgniter\Database\BaseBuilder->get()
#5 D:\Xampp\htdocs\New folder\Appertment\system\BaseModel.php(624): CodeIgniter\Model->doFindAll(4, 0)
#6 D:\Xampp\htdocs\New folder\Appertment\system\BaseModel.php(1207): CodeIgniter\BaseModel->findAll(4, 0)
#7 D:\Xampp\htdocs\New folder\Appertment\app\Controllers\FlatController.php(16): CodeIgniter\BaseModel->paginate(4, 'group')
#8 D:\Xampp\htdocs\New folder\Appertment\system\CodeIgniter.php(919): App\Controllers\FlatController->index()
#9 D:\Xampp\htdocs\New folder\Appertment\system\CodeIgniter.php(494): CodeIgniter\CodeIgniter->runController(Object(App\Controllers\FlatController))
#10 D:\Xampp\htdocs\New folder\Appertment\system\CodeIgniter.php(353): CodeIgniter\CodeIgniter->handleRequest(NULL, Object(Config\Cache), false)
#11 D:\Xampp\htdocs\New folder\Appertment\public\index.php(79): CodeIgniter\CodeIgniter->run()
#12 D:\Xampp\htdocs\New folder\Appertment\system\Commands\Server\rewrite.php(47): require_once('D:\\Xampp\\htdocs...')
#13 {main}
CRITICAL - 2023-12-13 15:10:41 --> Unknown column 'user_id' in 'order clause'
in SYSTEMPATH\Database\BaseConnection.php on line 646.
 1 SYSTEMPATH\Database\BaseBuilder.php(1615): CodeIgniter\Database\BaseConnection->query('SELECT *
FROM `flat`
ORDER BY `user_id`
 LIMIT 4', [], false)
 2 SYSTEMPATH\Model.php(237): CodeIgniter\Database\BaseBuilder->get()
 3 SYSTEMPATH\BaseModel.php(624): CodeIgniter\Model->doFindAll(4, 0)
 4 SYSTEMPATH\BaseModel.php(1207): CodeIgniter\BaseModel->findAll(4, 0)
 5 APPPATH\Controllers\FlatController.php(16): CodeIgniter\BaseModel->paginate(4, 'group')
 6 SYSTEMPATH\CodeIgniter.php(919): App\Controllers\FlatController->index()
 7 SYSTEMPATH\CodeIgniter.php(494): CodeIgniter\CodeIgniter->runController(Object(App\Controllers\FlatController))
 8 SYSTEMPATH\CodeIgniter.php(353): CodeIgniter\CodeIgniter->handleRequest(null, Object(Config\Cache), false)
 9 FCPATH\index.php(79): CodeIgniter\CodeIgniter->run()
10 SYSTEMPATH\Commands\Server\rewrite.php(47): require_once('D:\\Xampp\\htdocs\\New folder\\Appertment\\public\\index.php')
INFO - 2023-12-13 15:10:44 --> Session: Class initialized using 'CodeIgniter\Session\Handlers\FileHandler' driver.
INFO - 2023-12-13 15:10:47 --> Session: Class initialized using 'CodeIgniter\Session\Handlers\FileHandler' driver.
INFO - 2023-12-13 15:10:50 --> Session: Class initialized using 'CodeIgniter\Session\Handlers\FileHandler' driver.
INFO - 2023-12-13 15:10:56 --> Session: Class initialized using 'CodeIgniter\Session\Handlers\FileHandler' driver.
